2026-05-06 11:41:37 [INFO] Application starting. Args=, Admin=True
2026-05-06 11:41:37 [INFO] App run. StartMinimized=False
2026-05-06 11:41:37 [INFO] Engine started. CCPath=C:\Program Files\OEM\机械革命控制中心, ABPath=C:\Program Files (x86)\MSI Afterburner\MSIAfterburner.exe, StableSeconds=15
2026-05-06 11:41:52 [INFO] GCUBridge stabilized. Protection is active.
2026-05-06 11:41:52 [INFO] Reapply MSI Afterburner profile1: C:\Program Files (x86)\MSI Afterburner\MSIAfterburner.exe
2026-05-06 11:41:53 [INFO] Blocked GPU control processes. Count=1
2026-05-06 11:42:16 [INFO] Blocked GPU control processes. Count=1
2026-05-06 11:42:46 [INFO] Blocked GPU control processes. Count=1
2026-05-06 11:43:16 [INFO] Blocked GPU control processes. Count=1
2026-05-06 11:43:25 [INFO] Application exited.
2026-05-06 12:00:04 [INFO] Application starting. Version=1.0.2, Args=, Admin=True
2026-05-06 12:00:04 [INFO] App run. StartMinimized=False
2026-05-06 12:00:04 [INFO] Engine started. CCPath=C:\Program Files\OEM\机械革命控制中心, ABPath=C:\Program Files (x86)\MSI Afterburner\MSIAfterburner.exe, StableSeconds=15
2026-05-06 12:00:20 [INFO] GCUBridge stabilized. Protection is active.
2026-05-06 12:00:20 [INFO] Reapply MSI Afterburner -profile1: C:\Program Files (x86)\MSI Afterburner\MSIAfterburner.exe
2026-05-06 12:00:21 [INFO] Blocked GPU control processes. Count=1
2026-05-06 12:00:46 [INFO] Blocked GPU control processes. Count=1
2026-05-06 12:01:16 [INFO] Blocked GPU control processes. Count=1
2026-05-06 12:01:46 [INFO] Blocked GPU control processes. Count=1
2026-05-06 12:02:16 [INFO] Blocked GPU control processes. Count=1
2026-05-06 12:02:18 [INFO] Application exited.
2026-05-06 12:04:58 [INFO] Application starting. Version=1.0.2, Args=, Admin=True
2026-05-06 12:04:58 [INFO] App run. StartMinimized=False
2026-05-06 12:04:58 [INFO] Engine started. CCPath=C:\Program Files\OEM\机械革命控制中心, ABPath=C:\Program Files (x86)\MSI Afterburner\MSIAfterburner.exe, StableSeconds=15
2026-05-06 12:05:13 [INFO] GCUBridge stabilized. Protection is active.
2026-05-06 12:05:13 [INFO] Reapply MSI Afterburner -profile1: C:\Program Files (x86)\MSI Afterburner\MSIAfterburner.exe
2026-05-06 12:05:14 [INFO] Blocked GPU control processes. Count=1
2026-05-06 12:05:16 [INFO] Blocked GPU control processes. Count=1
2026-05-06 12:05:32 [INFO] Application exited.
2026-05-06 12:07:37 [INFO] Application starting. Version=1.0.2, Args=, Admin=True
2026-05-06 12:07:37 [INFO] App run. StartMinimized=False
2026-05-06 12:07:37 [INFO] Engine started. CCPath=C:\Program Files\OEM\机械革命控制中心, ABPath=C:\Program Files (x86)\MSI Afterburner\MSIAfterburner.exe, StableSeconds=15
2026-05-06 12:07:48 [INFO] Application exited.
2026-05-06 12:10:52 [INFO] Application starting. Version=1.0.2, Args=, Admin=True
2026-05-06 12:10:52 [INFO] App run. StartMinimized=False
2026-05-06 12:10:52 [INFO] Engine started. CCPath=C:\Program Files\OEM\机械革命控制中心, ABPath=C:\Program Files (x86)\MSI Afterburner\MSIAfterburner.exe, StableSeconds=15
2026-05-06 12:11:07 [INFO] Application exited.
2026-05-06 12:31:12 [INFO] Application starting. Version=1.0.3, Args=, Admin=True
2026-05-06 12:31:12 [INFO] App run. StartMinimized=False
2026-05-06 12:31:12 [INFO] Engine started. CCPath=C:\Program Files\OEM\机械革命控制中心, ABPath=C:\Program Files (x86)\MSI Afterburner\MSIAfterburner.exe, StableSeconds=15
2026-05-06 12:31:28 [INFO] GCUBridge stabilized. Protection is active.
2026-05-06 12:31:28 [INFO] Reapply MSI Afterburner -profile1: C:\Program Files (x86)\MSI Afterburner\MSIAfterburner.exe
2026-05-06 12:31:53 [INFO] Reapply MSI Afterburner -profile1: C:\Program Files (x86)\MSI Afterburner\MSIAfterburner.exe
2026-05-06 12:31:54 [INFO] Reapply MSI Afterburner -profile1: C:\Program Files (x86)\MSI Afterburner\MSIAfterburner.exe
2026-05-06 12:31:54 [INFO] Reapply MSI Afterburner -profile1: C:\Program Files (x86)\MSI Afterburner\MSIAfterburner.exe
2026-05-06 12:33:17 [INFO] Application starting. Version=1.0.3, Args=--minimized, Admin=True
2026-05-06 12:33:18 [INFO] App run. StartMinimized=True
2026-05-06 12:33:18 [INFO] Engine started. CCPath=C:\Program Files\OEM\机械革命控制中心, ABPath=C:\Program Files (x86)\MSI Afterburner\MSIAfterburner.exe, StableSeconds=15
2026-05-06 12:33:34 [INFO] GCUBridge stabilized. Protection is active.
2026-05-06 12:33:34 [INFO] Reapply MSI Afterburner -profile1: C:\Program Files (x86)\MSI Afterburner\MSIAfterburner.exe
2026-05-06 12:37:04 [INFO] Application exited.
2026-05-06 12:45:24 [INFO] Application starting. Version=1.0.3, Args=, Admin=True
2026-05-06 12:45:24 [INFO] App run. StartMinimized=False
2026-05-06 12:45:24 [INFO] Engine started. CCPath=C:\Program Files\OEM\机械革命控制中心, ABPath=C:\Program Files (x86)\MSI Afterburner\MSIAfterburner.exe, StableSeconds=15
2026-05-06 12:45:39 [INFO] GCUBridge stabilized. Protection is active.
2026-05-06 12:45:39 [INFO] Reapply MSI Afterburner -profile1: C:\Program Files (x86)\MSI Afterburner\MSIAfterburner.exe
2026-05-06 12:46:28 [INFO] Application exited.
2026-05-06 12:49:28 [INFO] Application starting. Version=1.0.3, Args=, Admin=True
2026-05-06 12:49:28 [INFO] App run. StartMinimized=False
2026-05-06 12:49:28 [INFO] Engine started. CCPath=C:\Program Files\OEM\机械革命控制中心, ABPath=C:\Program Files (x86)\MSI Afterburner\MSIAfterburner.exe, StableSeconds=15
2026-05-06 12:49:44 [INFO] GCUBridge stabilized. Protection is active.
2026-05-06 12:49:44 [INFO] Reapply MSI Afterburner -profile1: C:\Program Files (x86)\MSI Afterburner\MSIAfterburner.exe
2026-05-06 12:49:52 [INFO] Blocked GPU control processes. Count=1
2026-05-06 12:50:08 [INFO] Blocked GPU control processes. Count=1
2026-05-06 12:51:09 [INFO] Application starting. Version=1.0.3, Args=--minimized, Admin=True
2026-05-06 12:51:09 [INFO] App run. StartMinimized=True
2026-05-06 12:51:09 [INFO] Engine started. CCPath=C:\Program Files\OEM\机械革命控制中心, ABPath=C:\Program Files (x86)\MSI Afterburner\MSIAfterburner.exe, StableSeconds=15
2026-05-06 12:51:25 [INFO] GCUBridge stabilized. Protection is active.
2026-05-06 12:51:25 [INFO] Reapply MSI Afterburner -profile1: C:\Program Files (x86)\MSI Afterburner\MSIAfterburner.exe
2026-05-06 12:51:26 [INFO] Blocked GPU control processes. Count=1
2026-05-06 12:51:31 [INFO] Blocked GPU control processes. Count=1
2026-05-06 12:52:01 [INFO] Blocked GPU control processes. Count=1
2026-05-06 12:52:31 [INFO] Blocked GPU control processes. Count=1
2026-05-06 12:53:01 [INFO] Blocked GPU control processes. Count=1
2026-05-06 12:53:31 [INFO] Blocked GPU control processes. Count=1
2026-05-06 12:53:32 [INFO] Application exited.
2026-05-06 13:00:53 [INFO] Application starting. Version=1.0.4, Args=, Admin=True
2026-05-06 13:00:53 [INFO] App run. StartMinimized=False
2026-05-06 13:00:54 [INFO] Engine started. CCPath=C:\Program Files\OEM\机械革命控制中心, ABPath=C:\Program Files (x86)\MSI Afterburner\MSIAfterburner.exe, StableSeconds=15
2026-05-06 13:01:09 [INFO] GCUBridge stabilized. Protection is active.
2026-05-06 13:01:09 [INFO] Reapply MSI Afterburner -profile1: C:\Program Files (x86)\MSI Afterburner\MSIAfterburner.exe
2026-05-06 13:02:12 [INFO] Blocked GPU control processes. Count=1
2026-05-06 13:03:02 [INFO] Application starting. Version=1.0.4, Args=--minimized, Admin=True
2026-05-06 13:03:02 [INFO] App run. StartMinimized=True
2026-05-06 13:03:02 [INFO] Engine started. CCPath=C:\Program Files\OEM\机械革命控制中心, ABPath=C:\Program Files (x86)\MSI Afterburner\MSIAfterburner.exe, StableSeconds=15
2026-05-06 13:03:18 [INFO] GCUBridge stabilized. Protection is active.
2026-05-06 13:03:18 [INFO] Reapply MSI Afterburner -profile1: C:\Program Files (x86)\MSI Afterburner\MSIAfterburner.exe
2026-05-06 13:03:19 [INFO] Blocked GPU control processes. Count=1
2026-05-06 13:03:22 [INFO] Blocked GPU control processes. Count=1
2026-05-06 13:03:52 [INFO] Blocked GPU control processes. Count=1
2026-05-06 13:04:45 [INFO] Application starting. Version=1.0.4, Args=--minimized, Admin=True
2026-05-06 13:04:45 [INFO] App run. StartMinimized=True
2026-05-06 13:04:45 [INFO] Engine started. CCPath=C:\Program Files\OEM\机械革命控制中心, ABPath=C:\Program Files (x86)\MSI Afterburner\MSIAfterburner.exe, StableSeconds=15
2026-05-06 13:05:01 [INFO] GCUBridge stabilized. Protection is active.
2026-05-06 13:05:01 [INFO] Reapply MSI Afterburner -profile1: C:\Program Files (x86)\MSI Afterburner\MSIAfterburner.exe
2026-05-06 13:07:30 [INFO] Application exited.
2026-05-06 13:13:50 [INFO] Application starting. Version=1.0.4, Args=, Admin=True
2026-05-06 13:13:50 [INFO] App run. StartMinimized=False
2026-05-06 13:13:50 [INFO] Engine started. CCPath=C:\Program Files\OEM\机械革命控制中心, ABPath=C:\Program Files (x86)\MSI Afterburner\MSIAfterburner.exe, StableSeconds=15
2026-05-06 13:14:06 [INFO] GCUBridge stabilized. Protection is active.
2026-05-06 13:14:06 [INFO] Reapply MSI Afterburner -profile1: C:\Program Files (x86)\MSI Afterburner\MSIAfterburner.exe
2026-05-06 13:14:55 [INFO] Application starting. Version=1.0.4, Args=--minimized, Admin=True
2026-05-06 13:14:55 [INFO] App run. StartMinimized=True
2026-05-06 13:14:55 [INFO] Engine started. CCPath=C:\Program Files\OEM\机械革命控制中心, ABPath=C:\Program Files (x86)\MSI Afterburner\MSIAfterburner.exe, StableSeconds=15
2026-05-06 13:15:11 [INFO] GCUBridge stabilized. Protection is active.
2026-05-06 13:15:11 [INFO] Reapply MSI Afterburner -profile1: C:\Program Files (x86)\MSI Afterburner\MSIAfterburner.exe
2026-05-06 13:15:12 [INFO] Reapply MSI Afterburner -profile1: C:\Program Files (x86)\MSI Afterburner\MSIAfterburner.exe
2026-05-06 13:15:12 [INFO] Control center GPU config touched; reapplied MSI Afterburner profile without blocking power controls.
2026-05-06 13:15:13 [INFO] Reapply MSI Afterburner -profile1: C:\Program Files (x86)\MSI Afterburner\MSIAfterburner.exe
2026-05-06 13:15:13 [INFO] Control center GPU config touched; reapplied MSI Afterburner profile without blocking power controls.
2026-05-06 13:18:53 [INFO] Application exited.
2026-05-06 13:21:20 [INFO] Application starting. Version=1.0.4, Args=, Admin=True
2026-05-06 13:21:20 [INFO] App run. StartMinimized=False
2026-05-06 13:21:20 [INFO] Engine started. CCPath=C:\Program Files\OEM\机械革命控制中心, ABPath=C:\Program Files (x86)\MSI Afterburner\MSIAfterburner.exe, StableSeconds=15
2026-05-06 13:21:35 [INFO] GCUBridge stabilized. Protection is active.
2026-05-06 13:21:35 [INFO] Reapply MSI Afterburner -profile1: C:\Program Files (x86)\MSI Afterburner\MSIAfterburner.exe
2026-05-06 13:22:16 [INFO] Application starting. Version=1.0.4, Args=--minimized, Admin=True
2026-05-06 13:22:16 [INFO] App run. StartMinimized=True
2026-05-06 13:22:16 [INFO] Engine started. CCPath=C:\Program Files\OEM\机械革命控制中心, ABPath=C:\Program Files (x86)\MSI Afterburner\MSIAfterburner.exe, StableSeconds=15
2026-05-06 13:22:34 [INFO] GCUBridge stabilized. Protection is active.
2026-05-06 13:22:34 [INFO] Reapply MSI Afterburner -profile1: C:\Program Files (x86)\MSI Afterburner\MSIAfterburner.exe
2026-05-06 13:22:38 [INFO] Reapply MSI Afterburner -profile1: C:\Program Files (x86)\MSI Afterburner\MSIAfterburner.exe
2026-05-06 13:22:38 [INFO] Control center GPU config touched; reapplied MSI Afterburner profile without blocking power controls.
2026-05-06 13:22:39 [INFO] Reapply MSI Afterburner -profile1: C:\Program Files (x86)\MSI Afterburner\MSIAfterburner.exe
2026-05-06 13:22:39 [INFO] Control center GPU config touched; reapplied MSI Afterburner profile without blocking power controls.
2026-05-06 13:24:56 [INFO] Application exited.
2026-05-06 13:42:32 [INFO] Application starting. Version=1.0.4, Args=, Admin=True
2026-05-06 13:42:32 [INFO] App run. StartMinimized=False
2026-05-06 13:42:32 [INFO] Engine started. CCPath=C:\Program Files\OEM\机械革命控制中心, ABPath=C:\Program Files (x86)\MSI Afterburner\MSIAfterburner.exe, StableSeconds=15
2026-05-06 13:43:24 [INFO] Application starting. Version=1.0.4, Args=--minimized, Admin=True
2026-05-06 13:43:24 [INFO] App run. StartMinimized=True
2026-05-06 13:43:24 [INFO] Engine started. CCPath=C:\Program Files\OEM\机械革命控制中心, ABPath=C:\Program Files (x86)\MSI Afterburner\MSIAfterburner.exe, StableSeconds=15
2026-05-06 13:43:40 [INFO] GCUBridge stabilized. Protection is active.
2026-05-06 13:43:40 [INFO] Reapply MSI Afterburner -profile1: C:\Program Files (x86)\MSI Afterburner\MSIAfterburner.exe
2026-05-06 13:43:40 [INFO] Reapply MSI Afterburner -profile1: C:\Program Files (x86)\MSI Afterburner\MSIAfterburner.exe
2026-05-06 13:43:40 [INFO] Control center GPU config touched; reapplied MSI Afterburner profile without blocking power controls.
2026-05-06 13:43:42 [INFO] Reapply MSI Afterburner -profile1: C:\Program Files (x86)\MSI Afterburner\MSIAfterburner.exe
2026-05-06 13:43:42 [INFO] Control center GPU config touched; reapplied MSI Afterburner profile without blocking power controls.
2026-05-06 13:44:21 [INFO] Reapply MSI Afterburner -profile1: C:\Program Files (x86)\MSI Afterburner\MSIAfterburner.exe
2026-05-06 13:44:21 [INFO] Control center GPU config touched; reapplied MSI Afterburner profile without blocking power controls.
2026-05-06 13:44:22 [INFO] Reapply MSI Afterburner -profile1: C:\Program Files (x86)\MSI Afterburner\MSIAfterburner.exe
2026-05-06 13:44:22 [INFO] Control center GPU config touched; reapplied MSI Afterburner profile without blocking power controls.
2026-05-06 13:44:39 [INFO] Reapply MSI Afterburner -profile1: C:\Program Files (x86)\MSI Afterburner\MSIAfterburner.exe
2026-05-06 13:44:39 [INFO] Control center GPU config touched; reapplied MSI Afterburner profile without blocking power controls.
2026-05-06 13:44:45 [INFO] Reapply MSI Afterburner -profile1: C:\Program Files (x86)\MSI Afterburner\MSIAfterburner.exe
2026-05-06 13:44:45 [INFO] Control center GPU config touched; reapplied MSI Afterburner profile without blocking power controls.
2026-05-06 13:44:47 [INFO] Reapply MSI Afterburner -profile1: C:\Program Files (x86)\MSI Afterburner\MSIAfterburner.exe
2026-05-06 13:44:47 [INFO] Control center GPU config touched; reapplied MSI Afterburner profile without blocking power controls.
2026-05-06 13:45:23 [INFO] Reapply MSI Afterburner -profile1: C:\Program Files (x86)\MSI Afterburner\MSIAfterburner.exe
2026-05-06 13:45:23 [INFO] Control center GPU config touched; reapplied MSI Afterburner profile without blocking power controls.
2026-05-06 13:45:24 [INFO] Reapply MSI Afterburner -profile1: C:\Program Files (x86)\MSI Afterburner\MSIAfterburner.exe
2026-05-06 13:45:24 [INFO] Control center GPU config touched; reapplied MSI Afterburner profile without blocking power controls.
2026-05-06 13:45:32 [INFO] Reapply MSI Afterburner -profile1: C:\Program Files (x86)\MSI Afterburner\MSIAfterburner.exe
2026-05-06 13:45:32 [INFO] Control center GPU config touched; reapplied MSI Afterburner profile without blocking power controls.
2026-05-06 13:45:38 [ERROR] Config reset failed: C:\Program Files\OEM\机械革命控制中心\AiStoneService\MyControlCenter\UserPofiles\MainOption.json
System.IO.IOException: 文件“C:\Program Files\OEM\机械革命控制中心\AiStoneService\MyControlCenter\UserPofiles\MainOption.json”正由另一进程使用，因此该进程无法访问此文件。
   在 System.IO.__Error.WinIOError(Int32 errorCode, String maybeFullPath)
   在 System.IO.FileStream.Init(String path, FileMode mode, FileAccess access, Int32 rights, Boolean useRights, FileShare share, Int32 bufferSize, FileOptions options, SECURITY_ATTRIBUTES secAttrs, String msgPath, Boolean bFromProxy, Boolean useLongPath, Boolean checkHost)
   在 System.IO.FileStream..ctor(String path, FileMode mode, FileAccess access, FileShare share, Int32 bufferSize, FileOptions options, String msgPath, Boolean bFromProxy, Boolean useLongPath, Boolean checkHost)
   在 System.IO.StreamReader..ctor(String path, Encoding encoding, Boolean detectEncodingFromByteOrderMarks, Int32 bufferSize, Boolean checkHost)
   在 System.IO.File.InternalReadAllText(String path, Encoding encoding, Boolean checkHost)
   在 MROSDShield.Engine.ZeroFile(String path, String[] keys)
2026-05-06 13:45:38 [INFO] Reapply MSI Afterburner -profile1: C:\Program Files (x86)\MSI Afterburner\MSIAfterburner.exe
2026-05-06 13:45:38 [INFO] Control center GPU config touched; reapplied MSI Afterburner profile without blocking power controls.
2026-05-06 13:45:40 [INFO] Reapply MSI Afterburner -profile1: C:\Program Files (x86)\MSI Afterburner\MSIAfterburner.exe
2026-05-06 13:45:40 [INFO] Control center GPU config touched; reapplied MSI Afterburner profile without blocking power controls.
2026-05-06 13:46:16 [INFO] Reapply MSI Afterburner -profile1: C:\Program Files (x86)\MSI Afterburner\MSIAfterburner.exe
2026-05-06 13:46:16 [INFO] Control center GPU config touched; reapplied MSI Afterburner profile without blocking power controls.
2026-05-06 13:46:19 [INFO] Reapply MSI Afterburner -profile1: C:\Program Files (x86)\MSI Afterburner\MSIAfterburner.exe
2026-05-06 13:46:19 [INFO] Control center GPU config touched; reapplied MSI Afterburner profile without blocking power controls.
2026-05-06 13:46:20 [INFO] Reapply MSI Afterburner -profile1: C:\Program Files (x86)\MSI Afterburner\MSIAfterburner.exe
2026-05-06 13:46:20 [INFO] Control center GPU config touched; reapplied MSI Afterburner profile without blocking power controls.
2026-05-06 13:46:25 [INFO] Reapply MSI Afterburner -profile1: C:\Program Files (x86)\MSI Afterburner\MSIAfterburner.exe
2026-05-06 13:46:25 [INFO] Control center GPU config touched; reapplied MSI Afterburner profile without blocking power controls.
2026-05-06 13:46:26 [INFO] Reapply MSI Afterburner -profile1: C:\Program Files (x86)\MSI Afterburner\MSIAfterburner.exe
2026-05-06 13:46:26 [INFO] Control center GPU config touched; reapplied MSI Afterburner profile without blocking power controls.
2026-05-06 13:46:35 [INFO] Reapply MSI Afterburner -profile1: C:\Program Files (x86)\MSI Afterburner\MSIAfterburner.exe
2026-05-06 13:46:35 [INFO] Control center GPU config touched; reapplied MSI Afterburner profile without blocking power controls.
2026-05-06 15:15:13 [INFO] Reapply MSI Afterburner -profile1: C:\Program Files (x86)\MSI Afterburner\MSIAfterburner.exe
2026-05-06 15:15:13 [INFO] Control center GPU config touched; reapplied MSI Afterburner profile without blocking power controls.
2026-05-06 15:15:15 [INFO] Reapply MSI Afterburner -profile1: C:\Program Files (x86)\MSI Afterburner\MSIAfterburner.exe
2026-05-06 15:15:15 [INFO] Control center GPU config touched; reapplied MSI Afterburner profile without blocking power controls.
2026-05-06 15:15:20 [INFO] Reapply MSI Afterburner -profile1: C:\Program Files (x86)\MSI Afterburner\MSIAfterburner.exe
2026-05-06 15:15:21 [INFO] Control center GPU config touched; reapplied MSI Afterburner profile without blocking power controls.
2026-05-06 15:15:23 [INFO] Reapply MSI Afterburner -profile1: C:\Program Files (x86)\MSI Afterburner\MSIAfterburner.exe
2026-05-06 15:15:23 [INFO] Control center GPU config touched; reapplied MSI Afterburner profile without blocking power controls.
2026-05-06 15:15:26 [INFO] Reapply MSI Afterburner -profile1: C:\Program Files (x86)\MSI Afterburner\MSIAfterburner.exe
2026-05-06 15:15:26 [INFO] Control center GPU config touched; reapplied MSI Afterburner profile without blocking power controls.
2026-05-06 15:15:31 [INFO] Reapply MSI Afterburner -profile1: C:\Program Files (x86)\MSI Afterburner\MSIAfterburner.exe
2026-05-06 15:15:31 [INFO] Control center GPU config touched; reapplied MSI Afterburner profile without blocking power controls.
2026-05-06 15:25:22 [INFO] Reapply MSI Afterburner -profile1: C:\Program Files (x86)\MSI Afterburner\MSIAfterburner.exe
2026-05-06 15:25:22 [INFO] Control center GPU config touched; reapplied MSI Afterburner profile without blocking power controls.
2026-05-06 15:32:16 [INFO] Reapply MSI Afterburner -profile1: C:\Program Files (x86)\MSI Afterburner\MSIAfterburner.exe
2026-05-06 15:32:16 [INFO] Control center GPU config touched; reapplied MSI Afterburner profile without blocking power controls.
2026-05-06 15:38:39 [INFO] Reapply MSI Afterburner -profile1: C:\Program Files (x86)\MSI Afterburner\MSIAfterburner.exe
2026-05-06 15:38:39 [INFO] Control center GPU config touched; reapplied MSI Afterburner profile without blocking power controls.
2026-05-06 15:53:12 [INFO] Reapply MSI Afterburner -profile1: C:\Program Files (x86)\MSI Afterburner\MSIAfterburner.exe
2026-05-06 15:53:12 [INFO] Control center GPU config touched; reapplied MSI Afterburner profile without blocking power controls.
2026-05-06 15:53:15 [INFO] Reapply MSI Afterburner -profile1: C:\Program Files (x86)\MSI Afterburner\MSIAfterburner.exe
2026-05-06 15:53:15 [INFO] Control center GPU config touched; reapplied MSI Afterburner profile without blocking power controls.
2026-05-06 15:53:20 [INFO] Reapply MSI Afterburner -profile1: C:\Program Files (x86)\MSI Afterburner\MSIAfterburner.exe
2026-05-06 15:53:20 [INFO] Control center GPU config touched; reapplied MSI Afterburner profile without blocking power controls.
2026-05-06 15:53:23 [INFO] Reapply MSI Afterburner -profile1: C:\Program Files (x86)\MSI Afterburner\MSIAfterburner.exe
2026-05-06 15:53:23 [INFO] Control center GPU config touched; reapplied MSI Afterburner profile without blocking power controls.
2026-05-06 15:53:33 [INFO] Reapply MSI Afterburner -profile1: C:\Program Files (x86)\MSI Afterburner\MSIAfterburner.exe
2026-05-06 15:53:33 [INFO] Control center GPU config touched; reapplied MSI Afterburner profile without blocking power controls.
2026-05-06 15:53:35 [INFO] Reapply MSI Afterburner -profile1: C:\Program Files (x86)\MSI Afterburner\MSIAfterburner.exe
2026-05-06 15:53:36 [INFO] Control center GPU config touched; reapplied MSI Afterburner profile without blocking power controls.
2026-05-06 16:34:56 [INFO] Application exited.
2026-05-06 16:46:42 [INFO] Application starting. Version=1.0.4, Args=, Admin=True
2026-05-06 16:46:42 [INFO] App run. StartMinimized=False
2026-05-06 16:46:42 [INFO] Engine started. CCPath=C:\Program Files\OEM\机械革命控制中心, ABPath=C:\Program Files (x86)\MSI Afterburner\MSIAfterburner.exe, StableSeconds=15
2026-05-06 16:46:58 [INFO] GCUBridge stabilized. Protection is active.
2026-05-06 16:46:58 [INFO] Reapply MSI Afterburner -profile1: C:\Program Files (x86)\MSI Afterburner\MSIAfterburner.exe
2026-05-06 16:47:43 [INFO] Application starting. Version=1.0.4, Args=--minimized, Admin=True
2026-05-06 16:47:43 [INFO] App run. StartMinimized=True
2026-05-06 16:47:43 [INFO] Engine started. CCPath=C:\Program Files\OEM\机械革命控制中心, ABPath=C:\Program Files (x86)\MSI Afterburner\MSIAfterburner.exe, StableSeconds=15
2026-05-06 16:47:59 [INFO] GCUBridge stabilized. Protection is active.
2026-05-06 16:47:59 [INFO] Reapply MSI Afterburner -profile1: C:\Program Files (x86)\MSI Afterburner\MSIAfterburner.exe
2026-05-06 16:48:01 [INFO] Reapply MSI Afterburner -profile1: C:\Program Files (x86)\MSI Afterburner\MSIAfterburner.exe
2026-05-06 16:48:01 [INFO] Control center GPU config touched; reapplied MSI Afterburner profile without blocking power controls.
2026-05-06 16:48:02 [INFO] Reapply MSI Afterburner -profile1: C:\Program Files (x86)\MSI Afterburner\MSIAfterburner.exe
2026-05-06 16:48:02 [INFO] Control center GPU config touched; reapplied MSI Afterburner profile without blocking power controls.
2026-05-06 16:48:21 [INFO] Reapply MSI Afterburner -profile1: C:\Program Files (x86)\MSI Afterburner\MSIAfterburner.exe
2026-05-06 16:48:21 [INFO] Control center GPU config touched; reapplied MSI Afterburner profile without blocking power controls.
2026-05-06 17:07:06 [INFO] Application starting. Version=1.0.4, Args=, Admin=True
2026-05-06 17:07:06 [INFO] App run. StartMinimized=False
2026-05-06 17:07:06 [INFO] Engine started. CCPath=C:\Program Files\OEM\机械革命控制中心, ABPath=C:\Program Files (x86)\MSI Afterburner\MSIAfterburner.exe, StableSeconds=15
2026-05-06 17:07:22 [INFO] GCUBridge stabilized. Protection is active.
2026-05-06 17:07:22 [INFO] Reapply MSI Afterburner -profile1: C:\Program Files (x86)\MSI Afterburner\MSIAfterburner.exe
2026-05-06 17:07:47 [INFO] Application starting. Version=1.0.4, Args=, Admin=True
2026-05-06 17:08:30 [INFO] Application starting. Version=1.0.4, Args=--minimized, Admin=True
2026-05-06 17:08:30 [INFO] App run. StartMinimized=True
2026-05-06 17:08:30 [INFO] Engine started. CCPath=C:\Program Files\OEM\机械革命控制中心, ABPath=C:\Program Files (x86)\MSI Afterburner\MSIAfterburner.exe, StableSeconds=15
2026-05-06 17:08:46 [INFO] GCUBridge stabilized. Protection is active.
2026-05-06 17:08:46 [INFO] Reapply MSI Afterburner -profile1: C:\Program Files (x86)\MSI Afterburner\MSIAfterburner.exe
2026-05-06 17:08:47 [INFO] Reapply MSI Afterburner -profile1: C:\Program Files (x86)\MSI Afterburner\MSIAfterburner.exe
2026-05-06 17:08:47 [INFO] Control center GPU config touched; reapplied MSI Afterburner profile without blocking power controls.
2026-05-06 17:08:48 [INFO] Reapply MSI Afterburner -profile1: C:\Program Files (x86)\MSI Afterburner\MSIAfterburner.exe
2026-05-06 17:08:48 [INFO] Control center GPU config touched; reapplied MSI Afterburner profile without blocking power controls.
2026-05-06 17:08:50 [INFO] Application starting. Version=1.0.4, Args=, Admin=True
2026-05-06 17:20:38 [INFO] Application starting. Version=1.0.4, Args=, Admin=True
2026-05-06 17:20:38 [INFO] App run. StartMinimized=False, Instance=MR_OSD_Shield_91fc7dd11f1c6fd55bbb9ce45e1d48e4
2026-05-06 17:20:38 [INFO] Engine started. CCPath=C:\Program Files\OEM\机械革命控制中心, ABPath=C:\Program Files (x86)\MSI Afterburner\MSIAfterburner.exe, StableSeconds=15
2026-05-06 17:20:45 [INFO] Application starting. Version=1.0.4, Args=, Admin=True
2026-05-06 17:20:45 [INFO] Another instance is already running. Activation signal sent.
2026-05-06 17:20:48 [INFO] Application starting. Version=1.0.4, Args=, Admin=True
2026-05-06 17:20:48 [INFO] Another instance is already running. Activation signal sent.
2026-05-06 17:20:54 [INFO] GCUBridge stabilized. Protection is active.
2026-05-06 17:20:54 [INFO] Reapply MSI Afterburner -profile1: C:\Program Files (x86)\MSI Afterburner\MSIAfterburner.exe
2026-05-06 17:27:04 [INFO] Application starting. Version=1.0.4, Args=, Admin=True
2026-05-06 17:27:04 [INFO] App run. StartMinimized=False, Instance=MR_OSD_Shield_91fc7dd11f1c6fd55bbb9ce45e1d48e4
2026-05-06 17:27:04 [INFO] Engine started. CCPath=C:\Program Files\OEM\机械革命控制中心, ABPath=C:\Program Files (x86)\MSI Afterburner\MSIAfterburner.exe, StableSeconds=15
2026-05-06 17:27:12 [INFO] Fixed task power conditions by XML: MR_OSD_Shield. Output=TIMEOUT
2026-05-06 17:27:13 [INFO] Fixed task power conditions by COM: MR_OSD_Shield. Output=OK 
2026-05-06 17:27:19 [INFO] GCUBridge stabilized. Protection is active.
2026-05-06 17:27:19 [INFO] Reapply MSI Afterburner -profile1: C:\Program Files (x86)\MSI Afterburner\MSIAfterburner.exe
2026-05-06 17:27:23 [INFO] Fixed MSI Afterburner task power conditions by COM enumeration. Output=Fixed: \MSIAfterburner 
2026-05-06 17:27:59 [INFO] Application starting. Version=1.0.4, Args=--minimized, Admin=True
2026-05-06 17:27:59 [INFO] App run. StartMinimized=True, Instance=MR_OSD_Shield_91fc7dd11f1c6fd55bbb9ce45e1d48e4
2026-05-06 17:27:59 [INFO] Engine started. CCPath=C:\Program Files\OEM\机械革命控制中心, ABPath=C:\Program Files (x86)\MSI Afterburner\MSIAfterburner.exe, StableSeconds=15
2026-05-06 17:28:09 [INFO] Fixed task power conditions by XML: MR_OSD_Shield. Output=TIMEOUT
2026-05-06 17:28:10 [INFO] Fixed task power conditions by COM: MR_OSD_Shield. Output=OK 
2026-05-06 17:28:15 [INFO] GCUBridge stabilized. Protection is active.
2026-05-06 17:28:15 [INFO] Reapply MSI Afterburner -profile1: C:\Program Files (x86)\MSI Afterburner\MSIAfterburner.exe
2026-05-06 17:28:17 [INFO] Reapply MSI Afterburner -profile1: C:\Program Files (x86)\MSI Afterburner\MSIAfterburner.exe
2026-05-06 17:28:17 [INFO] Control center GPU config touched; reapplied MSI Afterburner profile without blocking power controls.
2026-05-06 17:28:18 [INFO] Reapply MSI Afterburner -profile1: C:\Program Files (x86)\MSI Afterburner\MSIAfterburner.exe
2026-05-06 17:28:18 [INFO] Control center GPU config touched; reapplied MSI Afterburner profile without blocking power controls.
2026-05-06 17:28:20 [INFO] Fixed MSI Afterburner task power conditions by COM enumeration. Output=Fixed: \MSIAfterburner 
2026-05-06 17:28:34 [INFO] Power mode changed: StatusChange. Scheduling MSI Afterburner profile reapply and repair.
2026-05-06 17:28:34 [INFO] Reapply MSI Afterburner -profile1: C:\Program Files (x86)\MSI Afterburner\MSIAfterburner.exe
2026-05-06 17:28:34 [INFO] Control center GPU config touched; reapplied MSI Afterburner profile without blocking power controls.
2026-05-06 17:28:35 [INFO] Reapply MSI Afterburner -profile1: C:\Program Files (x86)\MSI Afterburner\MSIAfterburner.exe
2026-05-06 17:28:35 [INFO] Control center GPU config touched; reapplied MSI Afterburner profile without blocking power controls.
2026-05-06 17:28:36 [INFO] Reapply MSI Afterburner -profile1: C:\Program Files (x86)\MSI Afterburner\MSIAfterburner.exe
2026-05-06 17:28:36 [INFO] Manual repair executed. Kills=0, FixedOC=False, KillGpuProcesses=False
2026-05-06 17:28:37 [INFO] Reapply MSI Afterburner -profile1: C:\Program Files (x86)\MSI Afterburner\MSIAfterburner.exe
2026-05-06 17:28:37 [INFO] Control center GPU config touched; reapplied MSI Afterburner profile without blocking power controls.
2026-05-06 17:28:38 [INFO] Reapply MSI Afterburner -profile1: C:\Program Files (x86)\MSI Afterburner\MSIAfterburner.exe
2026-05-06 17:28:38 [INFO] Control center GPU config touched; reapplied MSI Afterburner profile without blocking power controls.
2026-05-06 17:28:39 [INFO] Reapply MSI Afterburner -profile1: C:\Program Files (x86)\MSI Afterburner\MSIAfterburner.exe
2026-05-06 17:28:39 [INFO] Control center GPU config touched; reapplied MSI Afterburner profile without blocking power controls.
2026-05-06 17:29:37 [INFO] Reapply MSI Afterburner -profile1: C:\Program Files (x86)\MSI Afterburner\MSIAfterburner.exe
2026-05-06 17:29:37 [INFO] Control center GPU config touched; reapplied MSI Afterburner profile without blocking power controls.
2026-05-06 17:29:37 [INFO] Power mode changed: StatusChange. Scheduling MSI Afterburner profile reapply and repair.
2026-05-06 17:29:39 [INFO] Reapply MSI Afterburner -profile1: C:\Program Files (x86)\MSI Afterburner\MSIAfterburner.exe
2026-05-06 17:29:39 [INFO] Control center GPU config touched; reapplied MSI Afterburner profile without blocking power controls.
2026-05-06 17:29:40 [INFO] Reapply MSI Afterburner -profile1: C:\Program Files (x86)\MSI Afterburner\MSIAfterburner.exe
2026-05-06 17:29:40 [INFO] Manual repair executed. Kills=0, FixedOC=False, KillGpuProcesses=False
2026-05-06 17:29:40 [INFO] Reapply MSI Afterburner -profile1: C:\Program Files (x86)\MSI Afterburner\MSIAfterburner.exe
2026-05-06 17:29:40 [INFO] Control center GPU config touched; reapplied MSI Afterburner profile without blocking power controls.
2026-05-06 17:29:42 [INFO] Reapply MSI Afterburner -profile1: C:\Program Files (x86)\MSI Afterburner\MSIAfterburner.exe
2026-05-06 17:29:42 [INFO] Control center GPU config touched; reapplied MSI Afterburner profile without blocking power controls.
2026-05-06 17:29:43 [INFO] Reapply MSI Afterburner -profile1: C:\Program Files (x86)\MSI Afterburner\MSIAfterburner.exe
2026-05-06 17:29:43 [INFO] Control center GPU config touched; reapplied MSI Afterburner profile without blocking power controls.
2026-05-06 17:30:32 [INFO] Application exited.
2026-05-06 18:41:36 [INFO] Application starting. Version=1.0.5, Args=, Admin=True
2026-05-06 18:41:36 [INFO] App run. StartMinimized=False, Instance=MR_OSD_Shield_91fc7dd11f1c6fd55bbb9ce45e1d48e4
2026-05-06 18:41:36 [INFO] Engine started. CCPath=C:\Program Files\OEM\机械革命控制中心, ABPath=C:\Program Files (x86)\MSI Afterburner\MSIAfterburner.exe, StableSeconds=15
2026-05-06 18:41:45 [INFO] Fixed task power conditions by XML: MR_OSD_Shield. Output=TIMEOUT
2026-05-06 18:41:46 [INFO] Fixed task power conditions by COM: MR_OSD_Shield. Output=OK 
2026-05-06 18:41:52 [INFO] GCUBridge stabilized. Protection is active.
2026-05-06 18:41:52 [INFO] Reapply MSI Afterburner -profile1: C:\Program Files (x86)\MSI Afterburner\MSIAfterburner.exe
2026-05-06 18:41:55 [INFO] Fixed MSI Afterburner task power conditions by COM enumeration. Output=Fixed: \MSIAfterburner 
2026-05-06 18:58:03 [INFO] Application exited.
2026-05-06 19:08:38 [INFO] Application starting. Version=1.0.5, Args=, Admin=True
2026-05-06 19:08:38 [INFO] App run. StartMinimized=False, Instance=MR_OSD_Shield_91fc7dd11f1c6fd55bbb9ce45e1d48e4
2026-05-06 19:08:38 [INFO] Engine started. CCPath=C:\Program Files\OEM\机械革命控制中心, ABPath=C:\Program Files (x86)\MSI Afterburner\MSIAfterburner.exe, StableSeconds=15
2026-05-06 19:08:46 [INFO] Fixed task power conditions by XML: MR_OSD_Shield. Output=TIMEOUT
2026-05-06 19:08:47 [INFO] Fixed task power conditions by COM: MR_OSD_Shield. Output=OK 
2026-05-06 19:08:53 [INFO] GCUBridge stabilized. Protection is active.
2026-05-06 19:08:53 [INFO] Reapply MSI Afterburner -profile1: C:\Program Files (x86)\MSI Afterburner\MSIAfterburner.exe
2026-05-06 19:08:57 [INFO] Fixed MSI Afterburner task power conditions by COM enumeration. Output=Fixed: \MSIAfterburner 
2026-05-06 19:09:06 [INFO] Reapply MSI Afterburner -profile1: C:\Program Files (x86)\MSI Afterburner\MSIAfterburner.exe
2026-05-06 19:09:06 [INFO] Control center GPU config touched; reapplied MSI Afterburner profile without blocking power controls.
2026-05-06 19:09:14 [INFO] Application exited.
2026-05-06 19:57:42 [INFO] Application starting. Version=1.0.5, Args=, Admin=True
2026-05-06 19:57:42 [INFO] App run. StartMinimized=False, Instance=MR_OSD_Shield_91fc7dd11f1c6fd55bbb9ce45e1d48e4
2026-05-06 19:57:42 [INFO] Engine started. CCPath=C:\Program Files\OEM\机械革命控制中心, ABPath=C:\Program Files (x86)\MSI Afterburner\MSIAfterburner.exe, StableSeconds=15
2026-05-06 19:57:51 [INFO] Fixed task power conditions by XML: MR_OSD_Shield. Output=TIMEOUT
2026-05-06 19:57:52 [INFO] Fixed task power conditions by COM: MR_OSD_Shield. Output=OK 
2026-05-06 19:57:58 [INFO] GCUBridge stabilized. Protection is active.
2026-05-06 19:57:58 [INFO] Reapply MSI Afterburner -profile1: C:\Program Files (x86)\MSI Afterburner\MSIAfterburner.exe
2026-05-06 19:58:02 [INFO] Fixed MSI Afterburner task power conditions by COM enumeration. Output=Fixed: \MSIAfterburner 
2026-05-06 19:58:12 [INFO] Reapply MSI Afterburner -profile1: C:\Program Files (x86)\MSI Afterburner\MSIAfterburner.exe
2026-05-06 19:58:12 [INFO] Control center GPU config touched; reapplied MSI Afterburner profile without blocking power controls.
2026-05-06 19:58:13 [INFO] Reapply MSI Afterburner -profile1: C:\Program Files (x86)\MSI Afterburner\MSIAfterburner.exe
2026-05-06 19:58:13 [INFO] Control center GPU config touched; reapplied MSI Afterburner profile without blocking power controls.
2026-05-06 19:58:17 [INFO] Reapply MSI Afterburner -profile1: C:\Program Files (x86)\MSI Afterburner\MSIAfterburner.exe
2026-05-06 19:58:17 [INFO] Control center GPU config touched; reapplied MSI Afterburner profile without blocking power controls.
2026-05-06 19:58:18 [INFO] Reapply MSI Afterburner -profile1: C:\Program Files (x86)\MSI Afterburner\MSIAfterburner.exe
2026-05-06 19:58:18 [INFO] Control center GPU config touched; reapplied MSI Afterburner profile without blocking power controls.
2026-05-06 19:58:28 [INFO] Application exited.
